2026-05-14 08:14:44,621 | INFO     | Buscando investigador Must-Have: Miguel Alcubierre...
2026-05-14 08:14:45,017 | INFO     |   Descargando works para A5043129140...
2026-05-14 08:14:45,522 | INFO     | Buscando investigador Must-Have: Humberto Carrillo Calvet...
2026-05-14 08:14:45,732 | INFO     |   Descargando works para A5016104570...
2026-05-14 08:14:46,145 | INFO     | Buscando investigador Must-Have: José Luis Andrade...
2026-05-14 08:14:46,421 | INFO     |   Descargando works para A5024463617...
2026-05-14 08:14:46,991 | INFO     | Buscando investigador Must-Have: Julieta Fierro...
2026-05-14 08:14:47,161 | INFO     |   Descargando works para A5113777275...
2026-05-14 08:14:47,409 | INFO     | Buscando investigador Must-Have: Arturo Menchaca...
2026-05-14 08:14:47,678 | INFO     |   Descargando works para A5105724796...
2026-05-14 08:14:47,834 | INFO     | Buscando investigador Must-Have: Deborah Dultzin...
2026-05-14 08:14:47,995 | INFO     |   Descargando works para A5019051505...
2026-05-14 08:14:48,258 | INFO     | Descargando autores de UNAM (I8961855)...
2026-05-14 08:14:48,818 | INFO     |   Descargando works para A5033705370...
2026-05-14 08:14:49,491 | INFO     |   Descargando works para A5053893926...
2026-05-14 08:14:50,452 | INFO     |   Descargando works para A5107272952...
2026-05-14 08:14:50,809 | INFO     |   Descargando works para A5047478353...
2026-05-14 08:14:51,704 | INFO     |   Descargando works para A5106285953...
2026-05-14 08:14:52,167 | INFO     |   Descargando works para A5085097792...
2026-05-14 08:14:52,961 | INFO     |   Descargando works para A5024829264...
2026-05-14 08:14:53,659 | INFO     |   Descargando works para A5102833639...
2026-05-14 08:14:54,339 | INFO     |   Descargando works para A5100759331...
2026-05-14 08:14:54,674 | INFO     |   Descargando works para A5037569117...
2026-05-14 08:14:55,145 | INFO     |   Descargando works para A5058359050...
2026-05-14 08:14:55,887 | INFO     |   Descargando works para A5069475988...
2026-05-14 08:14:56,689 | INFO     |   Descargando works para A5023059860...
2026-05-14 08:14:57,784 | INFO     |   Descargando works para A5088808284...
2026-05-14 08:14:58,375 | INFO     |   Descargando works para A5060963552...
2026-05-14 08:14:58,858 | INFO     | Descargando autores de IPN (I59361560)...
2026-05-14 08:14:59,658 | INFO     |   Descargando works para A5024593161...
2026-05-14 08:15:00,194 | INFO     |   Descargando works para A5107560781...
2026-05-14 08:15:00,932 | INFO     |   Descargando works para A5017534724...
2026-05-14 08:15:01,979 | INFO     |   Descargando works para A5074447259...
2026-05-14 08:15:03,118 | INFO     |   Descargando works para A5100615635...
2026-05-14 08:15:03,927 | INFO     |   Descargando works para A5020393568...
2026-05-14 08:15:05,292 | INFO     |   Descargando works para A5046099795...
2026-05-14 08:15:07,693 | INFO     |   Descargando works para A5107982554...
2026-05-14 08:15:08,379 | INFO     |   Descargando works para A5038313175...
2026-05-14 08:15:08,826 | INFO     |   Descargando works para A5059688600...
2026-05-14 08:15:09,911 | INFO     |   Descargando works para A5105841280...
2026-05-14 08:15:10,885 | INFO     |   Descargando works para A5103949769...
2026-05-14 08:15:11,726 | INFO     |   Descargando works para A5114374983...
2026-05-14 08:15:12,807 | INFO     |   Descargando works para A5107868996...
2026-05-14 08:15:13,280 | INFO     | Descargando autores de UAM (I200362191)...
2026-05-14 08:15:13,709 | INFO     |   Descargando works para A5007975878...
2026-05-14 08:15:14,836 | INFO     |   Descargando works para A5101532298...
2026-05-14 08:15:16,513 | INFO     |   Descargando works para A5053156610...
2026-05-14 08:15:17,287 | INFO     |   Descargando works para A5091295224...
2026-05-14 08:15:18,025 | INFO     |   Descargando works para A5031226242...
2026-05-14 08:15:18,549 | INFO     |   Descargando works para A5031758937...
2026-05-14 08:15:18,995 | INFO     |   Descargando works para A5000914397...
2026-05-14 08:15:19,570 | INFO     |   Descargando works para A5032377993...
2026-05-14 08:15:19,998 | INFO     |   Descargando works para A5016993423...
2026-05-14 08:15:20,700 | INFO     |   Descargando works para A5053746230...
2026-05-14 08:15:21,394 | INFO     |   Descargando works para A5063002478...
2026-05-14 08:15:21,922 | INFO     |   Descargando works para A5081444722...
2026-05-14 08:15:22,353 | INFO     |   Descargando works para A5070411337...
2026-05-14 08:15:22,818 | INFO     |   Descargando works para A5044491665...
2026-05-14 08:15:23,302 | INFO     |   Descargando works para A5019078002...
2026-05-14 08:15:24,439 | INFO     | Descargando autores de CINVESTAV (I68368234)...
2026-05-14 08:15:25,800 | INFO     |   Descargando works para A5085548317...
2026-05-14 08:15:26,332 | INFO     |   Descargando works para A5039404238...
2026-05-14 08:15:27,362 | INFO     |   Descargando works para A5110339953...
2026-05-14 08:15:28,666 | INFO     |   Descargando works para A5016151254...
2026-05-14 08:15:30,136 | INFO     |   Descargando works para A5107871172...
2026-05-14 08:15:30,844 | INFO     |   Descargando works para A5079741644...
2026-05-14 08:15:31,866 | INFO     |   Descargando works para A5107869308...
2026-05-14 08:15:32,184 | INFO     |   Descargando works para A5044018179...
2026-05-14 08:15:33,439 | INFO     |   Descargando works para A5063782677...
2026-05-14 08:15:34,869 | INFO     |   Descargando works para A5008201587...
2026-05-14 08:15:35,823 | INFO     | Descargando autores de TEC_MTY (I98461037)...
2026-05-14 08:15:36,911 | INFO     |   Descargando works para A5076693618...
2026-05-14 08:15:37,662 | INFO     |   Descargando works para A5005019504...
2026-05-14 08:15:38,499 | INFO     |   Descargando works para A5073484366...
2026-05-14 08:15:38,915 | INFO     |   Descargando works para A5043578051...
2026-05-14 08:15:39,333 | INFO     |   Descargando works para A5060225029...
2026-05-14 08:15:39,689 | INFO     |   Descargando works para A5073716145...
2026-05-14 08:15:40,363 | INFO     |   Descargando works para A5108167702...
2026-05-14 08:15:40,903 | INFO     |   Descargando works para A5041136091...
2026-05-14 08:15:42,223 | INFO     |   Descargando works para A5048898700...
2026-05-14 08:15:43,278 | INFO     |   Descargando works para A5100383545...
2026-05-14 08:15:43,738 | INFO     |   Descargando works para A5087170169...
2026-05-14 08:15:44,304 | INFO     |   Descargando works para A5100727346...
2026-05-14 08:15:44,733 | INFO     |   Descargando works para A5035500744...
2026-05-14 08:15:45,404 | INFO     |   Descargando works para A5101558090...
2026-05-14 08:15:45,815 | INFO     |   Descargando works para A5087783507...
2026-05-14 08:15:46,380 | INFO     | Proceso finalizado. Autores: 75, Works: 702
2026-05-14 08:15:46,380 | INFO     | Regenerando índices vectoriales...
08:15:46 | INFO     | Loading faiss with AVX2 support.
08:15:46 | INFO     | Successfully loaded faiss with AVX2 support.
08:15:46 | INFO     | ============================================================
08:15:46 | INFO     | 🔧 CONSTRUCCIÓN DE ÍNDICE VECTORIAL FAISS
08:15:46 | INFO     | ============================================================
08:15:46 | INFO     |    Modelo:   sentence-transformers/paraphrase-multilingual-mpnet-base-v2
08:15:46 | INFO     |    Perfiles: /home/pablo/Modelo-ORCID/data/processed/snii_profiles.json
08:15:46 | INFO     | 
08:15:46 | INFO     | 📥 PASO 1/5: Carga de perfiles procesados...
08:15:46 | INFO     |    ✅ 15 perfiles SNII cargados
08:15:46 | INFO     |    ✅ 75 perfiles Mexico OpenAlex cargados
08:15:46 | INFO     | 
08:15:46 | INFO     | 🧠 PASO 2/5: Generación de embeddings...
08:15:46 | INFO     |   Cache cargado: 353 embeddings
08:15:46 | INFO     |   Generando embeddings para campo: 'searchable_text'
08:15:46 | INFO     |   Perfiles a procesar: 90
08:15:46 | INFO     |   Cargando modelo de embeddings: sentence-transformers/paraphrase-multilingual-mpnet-base-v2...
08:15:51 | INFO     | No device provided, using cpu
08:15:51 | INFO     | HTTP Request: HEAD https://huggingface.co/sentence-transformers/paraphrase-multilingual-mpnet-base-v2/resolve/main/modules.json "HTTP/1.1 307 Temporary Redirect"
08:15:51 | INFO     | HTTP Request: HEAD https://huggingface.co/api/resolve-cache/models/sentence-transformers/paraphrase-multilingual-mpnet-base-v2/4328cf26390c98c5e3c738b4460a05b95f4911f5/modules.json "HTTP/1.1 200 OK"
08:15:51 | INFO     | HTTP Request: HEAD https://huggingface.co/sentence-transformers/paraphrase-multilingual-mpnet-base-v2/resolve/main/config_sentence_transformers.json "HTTP/1.1 307 Temporary Redirect"
08:15:51 | INFO     | HTTP Request: HEAD https://huggingface.co/api/resolve-cache/models/sentence-transformers/paraphrase-multilingual-mpnet-base-v2/4328cf26390c98c5e3c738b4460a05b95f4911f5/config_sentence_transformers.json "HTTP/1.1 200 OK"
08:15:51 | INFO     | Loading SentenceTransformer model from sentence-transformers/paraphrase-multilingual-mpnet-base-v2.
08:15:51 | INFO     | HTTP Request: HEAD https://huggingface.co/sentence-transformers/paraphrase-multilingual-mpnet-base-v2/resolve/main/config_sentence_transformers.json "HTTP/1.1 307 Temporary Redirect"
08:15:51 | INFO     | HTTP Request: HEAD https://huggingface.co/api/resolve-cache/models/sentence-transformers/paraphrase-multilingual-mpnet-base-v2/4328cf26390c98c5e3c738b4460a05b95f4911f5/config_sentence_transformers.json "HTTP/1.1 200 OK"
08:15:52 | INFO     | HTTP Request: HEAD https://huggingface.co/sentence-transformers/paraphrase-multilingual-mpnet-base-v2/resolve/main/README.md "HTTP/1.1 307 Temporary Redirect"
Warning: You are sending unauthenticated requests to the HF Hub. Please set a HF_TOKEN to enable higher rate limits and faster downloads.
08:15:52 | WARNING  | Warning: You are sending unauthenticated requests to the HF Hub. Please set a HF_TOKEN to enable higher rate limits and faster downloads.
08:15:52 | INFO     | HTTP Request: HEAD https://huggingface.co/api/resolve-cache/models/sentence-transformers/paraphrase-multilingual-mpnet-base-v2/4328cf26390c98c5e3c738b4460a05b95f4911f5/README.md "HTTP/1.1 200 OK"
08:15:52 | INFO     | HTTP Request: HEAD https://huggingface.co/sentence-transformers/paraphrase-multilingual-mpnet-base-v2/resolve/main/modules.json "HTTP/1.1 307 Temporary Redirect"
08:15:52 | INFO     | HTTP Request: HEAD https://huggingface.co/api/resolve-cache/models/sentence-transformers/paraphrase-multilingual-mpnet-base-v2/4328cf26390c98c5e3c738b4460a05b95f4911f5/modules.json "HTTP/1.1 200 OK"
08:15:52 | INFO     | HTTP Request: HEAD https://huggingface.co/sentence-transformers/paraphrase-multilingual-mpnet-base-v2/resolve/main/sentence_bert_config.json "HTTP/1.1 307 Temporary Redirect"
08:15:52 | INFO     | HTTP Request: HEAD https://huggingface.co/api/resolve-cache/models/sentence-transformers/paraphrase-multilingual-mpnet-base-v2/4328cf26390c98c5e3c738b4460a05b95f4911f5/sentence_bert_config.json "HTTP/1.1 200 OK"
08:15:52 | INFO     | HTTP Request: HEAD https://huggingface.co/sentence-transformers/paraphrase-multilingual-mpnet-base-v2/resolve/main/adapter_config.json "HTTP/1.1 404 Not Found"
08:15:52 | INFO     | HTTP Request: HEAD https://huggingface.co/sentence-transformers/paraphrase-multilingual-mpnet-base-v2/resolve/main/config.json "HTTP/1.1 307 Temporary Redirect"
08:15:52 | INFO     | HTTP Request: HEAD https://huggingface.co/api/resolve-cache/models/sentence-transformers/paraphrase-multilingual-mpnet-base-v2/4328cf26390c98c5e3c738b4460a05b95f4911f5/config.json "HTTP/1.1 200 OK"
Loading weights:   0%|          | 0/199 [00:00<?, ?it/s]Loading weights: 100%|██████████| 199/199 [00:00<00:00, 5022.15it/s]
08:15:52 | INFO     | HTTP Request: HEAD https://huggingface.co/sentence-transformers/paraphrase-multilingual-mpnet-base-v2/resolve/main/processor_config.json "HTTP/1.1 404 Not Found"
08:15:52 | INFO     | HTTP Request: HEAD https://huggingface.co/sentence-transformers/paraphrase-multilingual-mpnet-base-v2/resolve/main/preprocessor_config.json "HTTP/1.1 404 Not Found"
08:15:52 | INFO     | HTTP Request: HEAD https://huggingface.co/sentence-transformers/paraphrase-multilingual-mpnet-base-v2/resolve/main/video_preprocessor_config.json "HTTP/1.1 404 Not Found"
08:15:52 | INFO     | HTTP Request: HEAD https://huggingface.co/sentence-transformers/paraphrase-multilingual-mpnet-base-v2/resolve/main/preprocessor_config.json "HTTP/1.1 404 Not Found"
08:15:52 | INFO     | HTTP Request: HEAD https://huggingface.co/sentence-transformers/paraphrase-multilingual-mpnet-base-v2/resolve/main/tokenizer_config.json "HTTP/1.1 307 Temporary Redirect"
08:15:53 | INFO     | HTTP Request: HEAD https://huggingface.co/api/resolve-cache/models/sentence-transformers/paraphrase-multilingual-mpnet-base-v2/4328cf26390c98c5e3c738b4460a05b95f4911f5/tokenizer_config.json "HTTP/1.1 200 OK"
08:15:53 | INFO     | HTTP Request: HEAD https://huggingface.co/sentence-transformers/paraphrase-multilingual-mpnet-base-v2/resolve/main/config.json "HTTP/1.1 307 Temporary Redirect"
08:15:53 | INFO     | HTTP Request: HEAD https://huggingface.co/api/resolve-cache/models/sentence-transformers/paraphrase-multilingual-mpnet-base-v2/4328cf26390c98c5e3c738b4460a05b95f4911f5/config.json "HTTP/1.1 200 OK"
08:15:53 | INFO     | HTTP Request: HEAD https://huggingface.co/sentence-transformers/paraphrase-multilingual-mpnet-base-v2/resolve/main/config.json "HTTP/1.1 307 Temporary Redirect"
08:15:53 | INFO     | HTTP Request: HEAD https://huggingface.co/api/resolve-cache/models/sentence-transformers/paraphrase-multilingual-mpnet-base-v2/4328cf26390c98c5e3c738b4460a05b95f4911f5/config.json "HTTP/1.1 200 OK"
08:15:53 | INFO     | HTTP Request: HEAD https://huggingface.co/sentence-transformers/paraphrase-multilingual-mpnet-base-v2/resolve/main/tokenizer_config.json "HTTP/1.1 307 Temporary Redirect"
08:15:53 | INFO     | HTTP Request: HEAD https://huggingface.co/api/resolve-cache/models/sentence-transformers/paraphrase-multilingual-mpnet-base-v2/4328cf26390c98c5e3c738b4460a05b95f4911f5/tokenizer_config.json "HTTP/1.1 200 OK"
08:15:53 | INFO     | HTTP Request: GET https://huggingface.co/api/models/sentence-transformers/paraphrase-multilingual-mpnet-base-v2/tree/main/additional_chat_templates?recursive=false&expand=false "HTTP/1.1 404 Not Found"
08:15:53 | INFO     | HTTP Request: GET https://huggingface.co/api/models/sentence-transformers/paraphrase-multilingual-mpnet-base-v2/tree/main?recursive=true&expand=false "HTTP/1.1 200 OK"
08:15:55 | INFO     | HTTP Request: GET https://huggingface.co/api/models/sentence-transformers/paraphrase-multilingual-mpnet-base-v2 "HTTP/1.1 200 OK"
08:15:55 | INFO     | HTTP Request: HEAD https://huggingface.co/sentence-transformers/paraphrase-multilingual-mpnet-base-v2/resolve/main/1_Pooling/config.json "HTTP/1.1 307 Temporary Redirect"
08:15:55 | INFO     | HTTP Request: HEAD https://huggingface.co/api/resolve-cache/models/sentence-transformers/paraphrase-multilingual-mpnet-base-v2/4328cf26390c98c5e3c738b4460a05b95f4911f5/1_Pooling%2Fconfig.json "HTTP/1.1 200 OK"
08:15:55 | INFO     | HTTP Request: GET https://huggingface.co/api/models/sentence-transformers/paraphrase-multilingual-mpnet-base-v2 "HTTP/1.1 200 OK"
08:15:55 | INFO     |   Modelo cargado: sentence-transformers/paraphrase-multilingual-mpnet-base-v2 (dim=768)
08:16:02 | INFO     |     Batch 1: 64/90 textos
08:16:05 | INFO     |     Batch 2: 90/90 textos
08:16:05 | INFO     |   ✅ 90 embeddings generados (dim=768)
08:16:06 | INFO     |     Batch 1: 64/90 textos
08:16:07 | INFO     |     Batch 2: 90/90 textos
08:16:07 | INFO     |   ✅ Embeddings secundarios 'disciplina': (90, 768)
08:16:07 | INFO     |    Embeddings perfiles: 90 x 768
08:16:07 | INFO     | Loaded 75 additional Mexico authors
08:16:07 | INFO     | Loaded 702 additional Mexico works
08:16:07 | INFO     | OpenAlex loaded: 80 authors, 952 works, 1158 topics, 3253 institutions
08:16:07 | INFO     |    Indexando 952 papers de OpenAlex...
08:16:07 | INFO     |   Generando embeddings para campo: 'searchable_text'
08:16:07 | INFO     |   Perfiles a procesar: 952
08:16:07 | INFO     |     Batch 1: 64/952 textos
08:16:07 | INFO     |     Batch 2: 128/952 textos
08:16:07 | INFO     |     Batch 3: 192/952 textos
08:16:07 | INFO     |     Batch 4: 256/952 textos
08:16:20 | INFO     |     Batch 5: 320/952 textos
08:16:33 | INFO     |     Batch 6: 384/952 textos
08:16:44 | INFO     |     Batch 7: 448/952 textos
08:16:53 | INFO     |     Batch 8: 512/952 textos
08:17:04 | INFO     |     Batch 9: 576/952 textos
08:17:13 | INFO     |     Batch 10: 640/952 textos
08:17:21 | INFO     |     Batch 11: 704/952 textos
08:17:31 | INFO     |     Batch 12: 768/952 textos
08:17:40 | INFO     |     Batch 13: 832/952 textos
08:17:49 | INFO     |     Batch 14: 896/952 textos
08:17:57 | INFO     |     Batch 15: 952/952 textos
08:17:57 | INFO     |   ✅ 952 embeddings generados (dim=768)
08:17:57 | INFO     |    Embeddings papers: 952 x 768
08:17:57 | INFO     | 
08:17:57 | INFO     | 💾 PASO 3/5: Persistencia de embeddings...
08:17:57 | INFO     |   💾 Embeddings guardados en /home/pablo/Modelo-ORCID/data/vector_store/
08:17:57 | INFO     |      embeddings: snii_embeddings.npy (3126.1 KB)
08:17:57 | INFO     |      metadata: snii_metadata.json (525.7 KB)
08:17:57 | INFO     |      cache: snii_cache.pkl (3384.4 KB)
08:17:57 | INFO     |      secondary_disciplina: snii_disciplina_embeddings.npy (270.1 KB)
08:17:57 | INFO     | 
08:17:57 | INFO     | 📊 PASO 4/5: Construcción de índice FAISS...
08:17:57 | INFO     |   📊 Índice FAISS construido: 1042 vectores, dim=768
08:17:57 | INFO     |   💾 Índice FAISS guardado:
08:17:57 | INFO     |      index: snii_faiss.index (3126.0 KB)
08:17:57 | INFO     |      metadata: snii_faiss_meta.json (525.6 KB)
08:17:57 | INFO     | 
08:17:57 | INFO     | ✅ PASO 5/5: Validación de integridad...
08:17:57 | INFO     |    ✅ index_exists: True
08:17:57 | INFO     |    ✅ vectors_match_ids: True
08:17:57 | INFO     |    ✅ vectors_match_metadata: True
08:17:57 | INFO     |    ✅ dimension_consistent: True
08:17:57 | INFO     |    ✅ Todas las verificaciones pasaron
08:17:57 | INFO     | 
08:17:57 | INFO     | ============================================================
08:17:57 | INFO     | 📊 RESUMEN DE CONSTRUCCIÓN
08:17:57 | INFO     | ============================================================
08:17:57 | INFO     |    Perfiles procesados:  90
08:17:57 | INFO     |    Embeddings generados: 1042
08:17:57 | INFO     |    Dimensión:            768
08:17:57 | INFO     |    Vectores en FAISS:    1042
08:17:57 | INFO     |    Modelo:               sentence-transformers/paraphrase-multilingual-mpnet-base-v2
08:17:57 | INFO     |    Tiempo:               131.01s
08:17:57 | INFO     |    Validación:           ✅ PASSED
08:17:57 | INFO     | 
08:17:57 | INFO     | 
08:17:57 | INFO     | 🔍 BÚSQUEDAS DE PRUEBA:
08:17:57 | INFO     | ------------------------------------------------------------
08:17:57 | INFO     |    Q: "física de partículas"
08:17:57 | INFO     |       #1 L. Nellen                           score=0.7539  [Particle physics theoreti]
08:17:57 | INFO     |       #2 R. Reyes-Almanza                    score=0.7059  [Particle physics theoreti]
08:17:57 | INFO     |       #3 E. Crescio                          score=0.7053  [High-Energy Particle Coll]
08:17:57 | INFO     | 
08:17:57 | INFO     |    Q: "matemáticas aplicadas UNAM"
08:17:57 | INFO     |       #1 Observation and studies of double<m score=0.4771  [Particle physics theoreti]
08:17:57 | INFO     |       #2 Measurement of the differential cro score=0.4507  [Particle physics theoreti]
08:17:57 | INFO     |       #3 Production of <mml:math xmlns:mml=" score=0.4494  [High-Energy Particle Coll]
08:17:57 | INFO     | 
08:17:57 | INFO     |    Q: "ingeniería mecatrónica"
08:17:57 | INFO     |       #1 A novel method for the fabrication  score=0.5982  [Graphene research and app]
08:17:57 | INFO     |       #2 FRANCISCO JAVIER FLORES VARGAS      score=0.5760  [CIENCIA DE MATERIALES]
08:17:57 | INFO     |       #3 Fundamentals of Microfabrication    score=0.5729  [Manufacturing Process and]
08:17:57 | INFO     | 
08:17:57 | INFO     |    Q: "bioquímica universidad guadalajara"
08:17:57 | INFO     |       #1 ROBERTO RODRÍGUEZ PÉREZ             score=0.8562  [BIOQUÍMICA]
08:17:57 | INFO     |       #2 MIGUEL ÁNGEL RUIZ JIMÉNEZ           score=0.7636  [ECOLOGÍA]
08:17:57 | INFO     |       #3 JORGE ANTONIO ORTIZ AGUIRRE         score=0.7575  [QUÍMICA ORGÁNICA]
08:17:57 | INFO     | 
08:17:57 | INFO     |    Q: "óptica cuántica"
08:17:57 | INFO     |       #1 LUIS ENRIQUE DÍAZ HERRERA           score=0.6671  [ÓPTICA CUÁNTICA]
08:17:57 | INFO     |       #2 Squeezing the quantum noise of a gr score=0.5817  [Pulsars and Gravitational]
08:17:57 | INFO     |       #3 Macroscopic optical response and ph score=0.5293  [  ]
08:17:57 | INFO     | 
08:17:57 | INFO     | ============================================================
08:17:57 | INFO     | ✅ ÍNDICE CONSTRUIDO EXITOSAMENTE en 131.01s
08:17:57 | INFO     | ============================================================
